<?xml version="1.0" encoding="UTF-8"?>
<!-- Generated by org.testng.reporters.JUnitReportReporter -->
<testsuite hostname="DESKTOP-L8VPHJS" failures="0" tests="1" name="testcases.HomePageTest" time="1.809" errors="0" timestamp="2022-11-17T14:12:29 IST" skipped="0">
  <testcase classname="testcases.HomePageTest" name="test01_titleTest" time="1.809"/>
  <system-out/>
</testsuite> <!-- testcases.HomePageTest -->
